<?xml version="1.0" encoding="UTF-8" ?>
<testsuite tests="5" failures="0" name="base.TestContact" time="0.124" errors="0" skipped="0">
  <properties>
[...]
</properties>
  <testcase classname="base.TestContact" name="testGetContactByID01" time="0.122"/>
  <testcase classname="base.TestContact" name="testGetContactByID" time="0"/>
  <testcase classname="base.TestContact" name="testGetAllNames" time="0"/>
  <testcase classname="base.TestContact" name="testGetNameById" time="0"/>
  <testcase classname="base.TestContact" name="testGetAllNames01" time="0.002"/>
</testsuite>